-------------------------------------------------------------------------------
Test set: TestSuite
-------------------------------------------------------------------------------
Tests run: 3, Failures: 1, Errors: 0, Skipped: 0, Time elapsed: 120.536 s <<< FAILURE! - in TestSuite
TestRunner.TestRunner.runScenario  Time elapsed: 23.3 s  <<< FAILURE!
java.lang.AssertionError: expected [https://smartbazaar.co.uk/] but found [https://www.smartbazaar.co.uk/]

