<?xml version="1.0" encoding="UTF-8"?>
<testsuite xmlns:xsi="http://www.w3.org/2001/XMLSchema-instance" xsi:noNamespaceSchemaLocation="https://maven.apache.org/surefire/maven-surefire-plugin/xsd/surefire-test-report-3.0.xsd" version="3.0" name="TestSuite" time="120.536" tests="3" errors="0" skipped="0" failures="1">
  <properties>
[...]
</properties>
  <testcase name="runScenario" classname="TestRunner.TestRunner" time="23.3">
    <failure message="expected [https://smartbazaar.co.uk/] but found [https://www.smartbazaar.co.uk/]" type="java.lang.AssertionError"><![CDATA[java.lang.AssertionError: expected [https://smartbazaar.co.uk/] but found [https://www.smartbazaar.co.uk/]
]]></failure>
    <system-out><![CDATA[
Scenario: User wants to check whether application is working or not &amp#27;[90m# src/test/resources/Feature/TestCase.feature:3&amp#27;[0m
  &amp#27;[32mGiven &amp#27;[0m&amp#27;[32mUser open the browser&amp#27;[0m                                       &amp#27;[90m# StepDefinition.TestCase.user_open_the_browser()&amp#27;[0m
  &amp#27;[32mThen &amp#27;[0m&amp#27;[32mUser enter the URL &amp#27;[0m&amp#27;[32m&amp#27;[1m"https://smartbazaar.co.uk/"&amp#27;[0m              &amp#27;[90m# StepDefinition.TestCase.user_enter_the_url(java.lang.String)&amp#27;[0m
  &amp#27;[31mAnd &amp#27;[0m&amp#27;[31mUser verifies the title of the application&amp#27;[0m                    &amp#27;[90m# StepDefinition.TestCase.user_verifies_the_title_of_the_application()&amp#27;[0m
      &amp#27;[31mjava.lang.AssertionError: expected [https://smartbazaar.co.uk/] but found [https://www.smartbazaar.co.uk/]
	at org.testng.Assert.fail(Assert.java:110)
	at org.testng.Assert.failNotEquals(Assert.java:1577)
	at org.testng.Assert.assertEqualsImpl(Assert.java:149)
	at org.testng.Assert.assertEquals(Assert.java:131)
	at org.testng.Assert.assertEquals(Assert.java:655)
	at org.testng.Assert.assertEquals(Assert.java:665)
	at StepDefinition.TestCase.user_verifies_the_title_of_the_application(TestCase.java:25)
	at âœ½.User verifies the title of the application(file:///C:/Users/charu/IdeaProjects/org.smartbazaar.com/src/test/resources/Feature/TestCase.feature:6)
&amp#27;[0m
  &amp#27;[36mThen &amp#27;[0m&amp#27;[36mUser close the Browser&amp#27;[0m                                       &amp#27;[90m# StepDefinition.TestCase.user_close_the_browser()&amp#27;[0m
]]></system-out>
    <system-err><![CDATA[SLF4J: Failed to load class "org.slf4j.impl.StaticLoggerBinder".
SLF4J: Defaulting to no-operation (NOP) logger implementation
SLF4J: See http://www.slf4j.org/codes.html#StaticLoggerBinder for further details.
Starting ChromeDriver 110.0.5481.77 (65ed616c6e8ee3fe0ad64fe83796c020644d42af-refs/branch-heads/5481@{#839}) on port 21684
Only local connections are allowed.
Please see https://chromedriver.chromium.org/security-considerations for suggestions on keeping ChromeDriver safe.
ChromeDriver was started successfully.
[1678504342.906][WARNING]: virtual void DevToolsClientImpl::AddListener(DevToolsEventListener *) subscribing a listener to the already connected DevToolsClient. Connection notification will not arrive.
Mar 11, 2023 3:12:23 AM org.openqa.selenium.devtools.CdpVersionFinder findNearestMatch
WARNING: Unable to find an exact match for CDP version 110, so returning the closest version found: 108
]]></system-err>
  </testcase>
  <testcase name="runScenario" classname="TestRunner.TestRunner1" time="43.633"/>
  <testcase name="runScenario" classname="TestRunner.TestRunner1" time="50.167"/>
</testsuite>