<?xml version="1.0" encoding="UTF-8"?>
<!-- Generated by org.testng.reporters.JUnitReportReporter -->
<testsuite hostname="SJPC" failures="0" tests="1" name="TestRunner.TestRunner" time="17.050" errors="0" timestamp="2023-03-03T13:34:57 GMT" skipped="0">
  <testcase classname="TestRunner.TestRunner" name="runScenario" time="17.050"/>
  <system-out>
    <![CDATA[expected [https://smartbazaar.co.uk/] but found [Smartbazaar – World of Asian Foods]]]>
  </system-out>
</testsuite> <!-- TestRunner.TestRunner -->
