<?xml version="1.0" encoding="UTF-8"?>
<testng-results ignored="0" total="1" passed="1" failed="0" skipped="0">
  <reporter-output>
    <line>
      <![CDATA[expected [https://smartbazaar.co.uk/] but found [Smartbazaar – World of Asian Foods]]]>
    </line>
  </reporter-output>
  <suite started-at="2023-03-03T13:34:38 GMT" name="Default Suite" finished-at="2023-03-03T13:34:56 GMT" duration-ms="18017">
    <groups>
      <group name="cucumber">
        <method signature="AbstractTestNGCucumberTests.runScenario(io.cucumber.testng.PickleWrapper,io.cucumber.testng.FeatureWrapper)[pri:0, instance:TestRunner.TestRunner@49912c99]" name="runScenario" class="io.cucumber.testng.AbstractTestNGCucumberTests"/>
      </group> <!-- cucumber -->
    </groups>
    <test started-at="2023-03-03T13:34:38 GMT" name="org.smartbazaar.com" finished-at="2023-03-03T13:34:56 GMT" duration-ms="18017">
      <class name="TestRunner.TestRunner">
        <test-method is-config="true" signature="setUpClass(org.testng.ITestContext)[pri:0, instance:TestRunner.TestRunner@49912c99]" started-at="2023-03-03T13:34:39 GMT" name="setUpClass" finished-at="2023-03-03T13:34:39 GMT" duration-ms="811" status="PASS">
          <params>
            <param index="0">
              <value>
                <![CDATA[org.testng.TestRunner@606f81b5]]>
              </value>
            </param>
          </params>
          <reporter-output>
          </reporter-output>
        </test-method> <!-- setUpClass -->
        <test-method signature="runScenario(io.cucumber.testng.PickleWrapper,io.cucumber.testng.FeatureWrapper)[pri:0, instance:TestRunner.TestRunner@49912c99]" started-at="2023-03-03T13:34:39 GMT" name="runScenario" description="Runs Cucumber Scenarios" data-provider="scenarios" finished-at="2023-03-03T13:34:56 GMT" duration-ms="17050" status="PASS">
          <params>
            <param index="0">
              <value>
                <![CDATA["User wants to check whether application is working or not"]]>
              </value>
            </param>
            <param index="1">
              <value>
                <![CDATA["Checking the Title of application"]]>
              </value>
            </param>
          </params>
          <reporter-output>
            <line>
              <![CDATA[expected [https://smartbazaar.co.uk/] but found [Smartbazaar – World of Asian Foods]]]>
            </line>
          </reporter-output>
        </test-method> <!-- runScenario -->
        <test-method is-config="true" signature="tearDownClass()[pri:0, instance:TestRunner.TestRunner@49912c99]" started-at="2023-03-03T13:34:56 GMT" name="tearDownClass" finished-at="2023-03-03T13:34:56 GMT" duration-ms="13" status="PASS">
          <reporter-output>
          </reporter-output>
        </test-method> <!-- tearDownClass -->
      </class> <!-- TestRunner.TestRunner -->
    </test> <!-- org.smartbazaar.com -->
  </suite> <!-- Default Suite -->
</testng-results>
